<?xml version="1.0" encoding="UTF-8"?>
<testng-results skipped="0" failed="0" ignored="0" total="1" passed="1">
  <reporter-output>
  </reporter-output>
  <suite name="Default suite" duration-ms="72326" started-at="2019-11-28T17:29:19 IST" finished-at="2019-11-28T17:30:31 IST">
    <groups>
    </groups>
    <test name="Default test" duration-ms="72326" started-at="2019-11-28T17:29:19 IST" finished-at="2019-11-28T17:30:31 IST">
      <class name="com.training.high.ELTC_017_adminLogintest">
        <test-method status="PASS" signature="setUpBeforeClass()[pri:0, instance:com.training.high.ELTC_017_adminLogintest@cd2dae5]" name="setUpBeforeClass" is-config="true" duration-ms="12" started-at="2019-11-28T17:29:19 IST" finished-at="2019-11-28T17:29:19 IST">
          <reporter-output>
          </reporter-output>
        </test-method> <!-- setUpBeforeClass -->
        <test-method status="PASS" signature="setUp()[pri:0, instance:com.training.high.ELTC_017_adminLogintest@cd2dae5]" name="setUp" is-config="true" duration-ms="26246" started-at="2019-11-28T17:29:19 IST" finished-at="2019-11-28T17:29:45 IST">
          <reporter-output>
          </reporter-output>
        </test-method> <!-- setUp -->
        <test-method status="PASS" signature="testMethod1(java.lang.String, java.lang.String)[pri:0, instance:com.training.high.ELTC_017_adminLogintest@cd2dae5]" name="testMethod1" duration-ms="45410" started-at="2019-11-28T17:29:45 IST" data-provider="inputs" finished-at="2019-11-28T17:30:31 IST">
          <params>
            <param index="0">
              <value>
                <![CDATA[admin]]>
              </value>
            </param>
            <param index="1">
              <value>
                <![CDATA[admin@123]]>
              </value>
            </param>
          </params>
          <reporter-output>
          </reporter-output>
        </test-method> <!-- testMethod1 -->
        <test-method status="PASS" signature="tearDown()[pri:0, instance:com.training.high.ELTC_017_adminLogintest@cd2dae5]" name="tearDown" is-config="true" duration-ms="628" started-at="2019-11-28T17:30:31 IST" finished-at="2019-11-28T17:30:31 IST">
          <reporter-output>
          </reporter-output>
        </test-method> <!-- tearDown -->
      </class> <!-- com.training.high.ELTC_017_adminLogintest -->
    </test> <!-- Default test -->
  </suite> <!-- Default suite -->
</testng-results>
